[ 2016-10-17T08:47:02+08:00 ] ::1 /vdoado/index.php/Admin/Tch/result/id/1
ERR: Syntax Error in template "./vdoado/Admin/View\Tch\result.html"  on line 128 "url: {U('HOME/Index/getMedia')}, //like this {&quot;video&quot;:&quot;file1Path&quot;, &quot;audios&quot;:[&quot;filen2Path&quot;,&quot;filen3Path&quot;,&quot;file4Path&quot;]}"  - Unexpected ":", expected one of: "}" , " "

[ 2016-10-17T08:47:57+08:00 ] ::1 /vdoado/index.php/Admin/Tch/result/id/1
ERR: Syntax Error in template "./vdoado/Admin/View\Tch\result.html"  on line 128 "url: '{:U('HOME/Index/getMedia')}', //like this {&quot;video&quot;:&quot;file1Path&quot;, &quot;audios&quot;:[&quot;filen2Path&quot;,&quot;filen3Path&quot;,&quot;file4Path&quot;]}"  - Unexpected ":"

[ 2016-10-17T08:47:59+08:00 ] ::1 /vdoado/index.php/Admin/Tch/result/id/1
ERR: Syntax Error in template "./vdoado/Admin/View\Tch\result.html"  on line 128 "url: '{:U('HOME/Index/getMedia')}', //like this {&quot;video&quot;:&quot;file1Path&quot;, &quot;audios&quot;:[&quot;filen2Path&quot;,&quot;filen3Path&quot;,&quot;file4Path&quot;]}"  - Unexpected ":"

[ 2016-10-17T08:48:28+08:00 ] ::1 /vdoado/index.php/Admin/Tch/result/id/1
ERR: Syntax Error in template "./vdoado/Admin/View\Tch\result.html"  on line 128 "url: &quot;{:U('HOME/Index/getMedia')}&quot;, //like this {&quot;video&quot;:&quot;file1Path&quot;, &quot;audios&quot;:[&quot;filen2Path&quot;,&quot;filen3Path&quot;,&quot;file4Path&quot;]}"  - Unexpected ":"

[ 2016-10-17T08:49:19+08:00 ] ::1 /vdoado/index.php/Admin/Tch/result/id/1
ERR: Syntax Error in template "./vdoado/Admin/View\Tch\result.html"  on line 128 "url: &quot;{U('HOME/Index/getMedia')}&quot;, //like this {&quot;video&quot;:&quot;file1Path&quot;, &quot;audios&quot;:[&quot;filen2Path&quot;,&quot;filen3Path&quot;,&quot;file4Path&quot;]}"  - Unexpected ":", expected one of: "}" , " "

[ 2016-10-17T08:49:57+08:00 ] ::1 /vdoado/index.php/Admin/Tch/result/id/1
ERR: Syntax Error in template "./vdoado/Admin/View\Tch\result.html"  on line 128 "url: &quot;{:U('HOME/Index/getMedia')}&quot;,"  - Unexpected ":"

[ 2016-10-17T08:59:28+08:00 ] ::1 /vdoado/index.php/Admin/Tch/result/id/h
ERR: 1054:Unknown column 'h' in 'where clause'
 [ SQL语句 ] : SELECT * FROM `result` WHERE ( result_id = h ) 

[ 2016-10-17T08:59:56+08:00 ] ::1 /vdoado/index.php/Admin/Tch/result/id/h
ERR: 1054:Unknown column 'h' in 'where clause'
 [ SQL语句 ] : SELECT * FROM `result` WHERE ( result_id = h ) 

[ 2016-10-17T09:03:48+08:00 ] ::1 /vdoado/index.php/Admin/Tch/result/id/h
ERR: 1054:Unknown column 'h' in 'where clause'
 [ SQL语句 ] : SELECT * FROM `result` WHERE ( result_id = h ) 

[ 2016-10-17T09:13:41+08:00 ] ::1 /vdoado/index.php/Admin/Tch/result/id/h
ERR: 1054:Unknown column 'h' in 'where clause'
 [ SQL语句 ] : SELECT * FROM `result` WHERE ( result_id = h ) 

