[ 2016-10-15T14:37:37+08:00 ] ::1 /vdoado/vdoado/index.php?m=show
ERR: 无法加载模块:Show

[ 2016-10-15T22:30:57+08:00 ] ::1 /vdoado/index.php/img/a4.jpg
INFO: [ app_init ] --START--
INFO: Run Behavior\BuildLiteBehavior [ RunTime:0.000017s ]
INFO: [ app_init ] --END-- [ RunTime:0.000491s ]
ERR: 无法加载模块:Img

[ 2016-10-15T22:30:57+08:00 ] ::1 /vdoado/index.php/img/a7.jpg
INFO: [ app_init ] --START--
INFO: Run Behavior\BuildLiteBehavior [ RunTime:0.000015s ]
INFO: [ app_init ] --END-- [ RunTime:0.000517s ]
ERR: 无法加载模块:Img

[ 2016-10-15T22:30:57+08:00 ] ::1 /vdoado/index.php/img/a3.jpg
INFO: [ app_init ] --START--
INFO: Run Behavior\BuildLiteBehavior [ RunTime:0.000036s ]
INFO: [ app_init ] --END-- [ RunTime:0.000769s ]
ERR: 无法加载模块:Img

[ 2016-10-15T22:30:57+08:00 ] ::1 /vdoado/index.php/img/a2.jpg
INFO: [ app_init ] --START--
INFO: Run Behavior\BuildLiteBehavior [ RunTime:0.000016s ]
INFO: [ app_init ] --END-- [ RunTime:0.000611s ]
ERR: 无法加载模块:Img

[ 2016-10-15T22:30:57+08:00 ] ::1 /vdoado/index.php/img/a8.jpg
INFO: [ app_init ] --START--
INFO: Run Behavior\BuildLiteBehavior [ RunTime:0.000031s ]
INFO: [ app_init ] --END-- [ RunTime:0.001453s ]
ERR: 无法加载模块:Img

[ 2016-10-15T22:30:58+08:00 ] ::1 /vdoado/index.php/favicon.ico
INFO: [ app_init ] --START--
INFO: Run Behavior\BuildLiteBehavior [ RunTime:0.000017s ]
INFO: [ app_init ] --END-- [ RunTime:0.000584s ]
ERR: 无法加载模块:Favicon

[ 2016-10-15T22:31:39+08:00 ] ::1 /vdoado/index.php/img/a7.jpg
INFO: [ app_init ] --START--
INFO: Run Behavior\BuildLiteBehavior [ RunTime:0.000021s ]
INFO: [ app_init ] --END-- [ RunTime:0.000939s ]
ERR: 无法加载模块:Img

[ 2016-10-15T22:31:39+08:00 ] ::1 /vdoado/index.php/img/a4.jpg
INFO: [ app_init ] --START--
INFO: Run Behavior\BuildLiteBehavior [ RunTime:0.000190s ]
INFO: [ app_init ] --END-- [ RunTime:0.001229s ]
ERR: 无法加载模块:Img

[ 2016-10-15T22:31:39+08:00 ] ::1 /vdoado/index.php/img/a8.jpg
INFO: [ app_init ] --START--
INFO: Run Behavior\BuildLiteBehavior [ RunTime:0.000058s ]
INFO: [ app_init ] --END-- [ RunTime:0.001632s ]
ERR: 无法加载模块:Img

[ 2016-10-15T22:31:39+08:00 ] ::1 /vdoado/index.php/img/a1.jpg
INFO: [ app_init ] --START--
INFO: Run Behavior\BuildLiteBehavior [ RunTime:0.000050s ]
INFO: [ app_init ] --END-- [ RunTime:0.001268s ]
ERR: 无法加载模块:Img

[ 2016-10-15T22:31:39+08:00 ] ::1 /vdoado/index.php/img/a2.jpg
INFO: [ app_init ] --START--
INFO: Run Behavior\BuildLiteBehavior [ RunTime:0.000023s ]
INFO: [ app_init ] --END-- [ RunTime:0.000787s ]
ERR: 无法加载模块:Img

[ 2016-10-15T22:31:39+08:00 ] ::1 /vdoado/index.php/img/a3.jpg
INFO: [ app_init ] --START--
INFO: Run Behavior\BuildLiteBehavior [ RunTime:0.000016s ]
INFO: [ app_init ] --END-- [ RunTime:0.000562s ]
ERR: 无法加载模块:Img

[ 2016-10-15T22:31:48+08:00 ] ::1 /vdoado/index.php/img/a4.jpg
INFO: [ app_init ] --START--
INFO: Run Behavior\BuildLiteBehavior [ RunTime:0.000017s ]
INFO: [ app_init ] --END-- [ RunTime:0.000777s ]
ERR: 无法加载模块:Img

[ 2016-10-15T22:31:48+08:00 ] ::1 /vdoado/index.php/img/a7.jpg
INFO: [ app_init ] --START--
INFO: Run Behavior\BuildLiteBehavior [ RunTime:0.000032s ]
INFO: [ app_init ] --END-- [ RunTime:0.002539s ]
ERR: 无法加载模块:Img

[ 2016-10-15T22:31:48+08:00 ] ::1 /vdoado/index.php/img/a2.jpg
INFO: [ app_init ] --START--
INFO: Run Behavior\BuildLiteBehavior [ RunTime:0.000031s ]
INFO: [ app_init ] --END-- [ RunTime:0.000707s ]
ERR: 无法加载模块:Img

[ 2016-10-15T22:31:48+08:00 ] ::1 /vdoado/index.php/img/a8.jpg
INFO: [ app_init ] --START--
INFO: Run Behavior\BuildLiteBehavior [ RunTime:0.000019s ]
INFO: [ app_init ] --END-- [ RunTime:0.000878s ]
ERR: 无法加载模块:Img

[ 2016-10-15T22:31:48+08:00 ] ::1 /vdoado/index.php/img/a3.jpg
INFO: [ app_init ] --START--
INFO: Run Behavior\BuildLiteBehavior [ RunTime:0.000099s ]
INFO: [ app_init ] --END-- [ RunTime:0.003154s ]
ERR: 无法加载模块:Img

[ 2016-10-15T22:31:48+08:00 ] ::1 /vdoado/index.php/img/a1.jpg
INFO: [ app_init ] --START--
INFO: Run Behavior\BuildLiteBehavior [ RunTime:0.000059s ]
INFO: [ app_init ] --END-- [ RunTime:0.000999s ]
ERR: 无法加载模块:Img

[ 2016-10-15T22:40:48+08:00 ] ::1 /vdoado/index.php/vdoado/Public/css/animate.min.css
INFO: [ app_init ] --START--
INFO: Run Behavior\BuildLiteBehavior [ RunTime:0.000017s ]
INFO: [ app_init ] --END-- [ RunTime:0.000542s ]
ERR: 无法加载模块:Vdoado

[ 2016-10-15T22:40:48+08:00 ] ::1 /vdoado/index.php/vdoado/Public/css/bootstrap.min.css-v=3.3.5.css
INFO: [ app_init ] --START--
INFO: Run Behavior\BuildLiteBehavior [ RunTime:0.000020s ]
INFO: [ app_init ] --END-- [ RunTime:0.000551s ]
ERR: 无法加载模块:Vdoado

[ 2016-10-15T22:40:48+08:00 ] ::1 /vdoado/index.php/vdoado/Public/css/style.min.css-v=4.0.0.css
INFO: [ app_init ] --START--
INFO: Run Behavior\BuildLiteBehavior [ RunTime:0.000021s ]
INFO: [ app_init ] --END-- [ RunTime:0.000657s ]
ERR: 无法加载模块:Vdoado

[ 2016-10-15T22:40:48+08:00 ] ::1 /vdoado/index.php/vdoado/Public/css/font-awesome.min.css-v=4.4.0.css
INFO: [ app_init ] --START--
INFO: Run Behavior\BuildLiteBehavior [ RunTime:0.000022s ]
INFO: [ app_init ] --END-- [ RunTime:0.000907s ]
ERR: 无法加载模块:Vdoado

[ 2016-10-15T22:40:48+08:00 ] ::1 /vdoado/index.php/vdoado/Public/js/jquery.min.js-v=2.1.4.js
INFO: [ app_init ] --START--
INFO: Run Behavior\BuildLiteBehavior [ RunTime:0.000040s ]
INFO: [ app_init ] --END-- [ RunTime:0.001583s ]
ERR: 无法加载模块:Vdoado

[ 2016-10-15T22:40:48+08:00 ] ::1 /vdoado/index.php/vdoado/Public/js/hplus.min.js-v=4.0.0.js
INFO: [ app_init ] --START--
INFO: Run Behavior\BuildLiteBehavior [ RunTime:0.000018s ]
INFO: [ app_init ] --END-- [ RunTime:0.000551s ]
ERR: 无法加载模块:Vdoado

[ 2016-10-15T22:40:48+08:00 ] ::1 /vdoado/index.php/vdoado/Public/js/plugins/layer/layer.min.js
INFO: [ app_init ] --START--
INFO: Run Behavior\BuildLiteBehavior [ RunTime:0.000026s ]
INFO: [ app_init ] --END-- [ RunTime:0.001200s ]
ERR: 无法加载模块:Vdoado

[ 2016-10-15T22:40:48+08:00 ] ::1 /vdoado/index.php/vdoado/Public/js/contabs.min.js
INFO: [ app_init ] --START--
INFO: Run Behavior\BuildLiteBehavior [ RunTime:0.000050s ]
INFO: [ app_init ] --END-- [ RunTime:0.003064s ]
ERR: 无法加载模块:Vdoado

[ 2016-10-15T22:40:48+08:00 ] ::1 /vdoado/index.php/vdoado/Public/js/bootstrap.min.js-v=3.3.5.js
INFO: [ app_init ] --START--
INFO: Run Behavior\BuildLiteBehavior [ RunTime:0.000021s ]
INFO: [ app_init ] --END-- [ RunTime:0.000640s ]
ERR: 无法加载模块:Vdoado

[ 2016-10-15T22:40:48+08:00 ] ::1 /vdoado/index.php/img/a4.jpg
INFO: [ app_init ] --START--
INFO: Run Behavior\BuildLiteBehavior [ RunTime:0.000029s ]
INFO: [ app_init ] --END-- [ RunTime:0.000842s ]
ERR: 无法加载模块:Img

[ 2016-10-15T22:40:48+08:00 ] ::1 /vdoado/index.php/img/a1.jpg
INFO: [ app_init ] --START--
INFO: Run Behavior\BuildLiteBehavior [ RunTime:0.000038s ]
INFO: [ app_init ] --END-- [ RunTime:0.001031s ]
ERR: 无法加载模块:Img

[ 2016-10-15T22:40:48+08:00 ] ::1 /vdoado/index.php/vdoado/Public/js/plugins/metisMenu/jquery.metisMenu.js
INFO: [ app_init ] --START--
INFO: Run Behavior\BuildLiteBehavior [ RunTime:0.000029s ]
INFO: [ app_init ] --END-- [ RunTime:0.001188s ]
ERR: 无法加载模块:Vdoado

[ 2016-10-15T22:40:48+08:00 ] ::1 /vdoado/index.php/vdoado/Public/js/plugins/pace/pace.min.js
INFO: [ app_init ] --START--
INFO: Run Behavior\BuildLiteBehavior [ RunTime:0.000380s ]
INFO: [ app_init ] --END-- [ RunTime:0.003989s ]
ERR: 无法加载模块:Vdoado

[ 2016-10-15T22:40:48+08:00 ] ::1 /vdoado/index.php/img/a7.jpg
INFO: [ app_init ] --START--
INFO: Run Behavior\BuildLiteBehavior [ RunTime:0.000023s ]
INFO: [ app_init ] --END-- [ RunTime:0.000673s ]
ERR: 无法加载模块:Img

[ 2016-10-15T22:40:48+08:00 ] ::1 /vdoado/index.php/img/a2.jpg
INFO: [ app_init ] --START--
INFO: Run Behavior\BuildLiteBehavior [ RunTime:0.000017s ]
INFO: [ app_init ] --END-- [ RunTime:0.000547s ]
ERR: 无法加载模块:Img

[ 2016-10-15T22:40:48+08:00 ] ::1 /vdoado/index.php/vdoado/Public/js/plugins/slimscroll/jquery.slimscroll.min.js
INFO: [ app_init ] --START--
INFO: Run Behavior\BuildLiteBehavior [ RunTime:0.000018s ]
INFO: [ app_init ] --END-- [ RunTime:0.002212s ]
ERR: 无法加载模块:Vdoado

[ 2016-10-15T22:40:48+08:00 ] ::1 /vdoado/index.php/img/a3.jpg
INFO: [ app_init ] --START--
INFO: Run Behavior\BuildLiteBehavior [ RunTime:0.000045s ]
INFO: [ app_init ] --END-- [ RunTime:0.001299s ]
ERR: 无法加载模块:Img

[ 2016-10-15T22:40:48+08:00 ] ::1 /vdoado/index.php/img/a8.jpg
INFO: [ app_init ] --START--
INFO: Run Behavior\BuildLiteBehavior [ RunTime:0.000039s ]
INFO: [ app_init ] --END-- [ RunTime:0.001139s ]
ERR: 无法加载模块:Img

[ 2016-10-15T22:40:49+08:00 ] ::1 /vdoado/index.php/vdoado/Public/js/plugins/layer/layer.min.js
INFO: [ app_init ] --START--
INFO: Run Behavior\BuildLiteBehavior [ RunTime:0.000036s ]
INFO: [ app_init ] --END-- [ RunTime:0.000956s ]
ERR: 无法加载模块:Vdoado

[ 2016-10-15T22:40:49+08:00 ] ::1 /vdoado/index.php/vdoado/Public/js/hplus.min.js-v=4.0.0.js
INFO: [ app_init ] --START--
INFO: Run Behavior\BuildLiteBehavior [ RunTime:0.000072s ]
INFO: [ app_init ] --END-- [ RunTime:0.002224s ]
ERR: 无法加载模块:Vdoado

[ 2016-10-15T22:40:49+08:00 ] ::1 /vdoado/index.php/vdoado/Public/js/contabs.min.js
INFO: [ app_init ] --START--
INFO: Run Behavior\BuildLiteBehavior [ RunTime:0.000019s ]
INFO: [ app_init ] --END-- [ RunTime:0.000592s ]
ERR: 无法加载模块:Vdoado

[ 2016-10-15T22:40:49+08:00 ] ::1 /vdoado/index.php/vdoado/Public/js/plugins/pace/pace.min.js
INFO: [ app_init ] --START--
INFO: Run Behavior\BuildLiteBehavior [ RunTime:0.000023s ]
INFO: [ app_init ] --END-- [ RunTime:0.001446s ]
ERR: 无法加载模块:Vdoado

[ 2016-10-15T22:41:01+08:00 ] ::1 /vdoado/index.php/vdoado/Public/css/bootstrap.min.css-v=3.3.5.css
INFO: [ app_init ] --START--
INFO: Run Behavior\BuildLiteBehavior [ RunTime:0.000016s ]
INFO: [ app_init ] --END-- [ RunTime:0.000722s ]
ERR: 无法加载模块:Vdoado

[ 2016-10-15T22:41:01+08:00 ] ::1 /vdoado/index.php/vdoado/Public/css/style.min.css-v=4.0.0.css
INFO: [ app_init ] --START--
INFO: Run Behavior\BuildLiteBehavior [ RunTime:0.000024s ]
INFO: [ app_init ] --END-- [ RunTime:0.000560s ]
ERR: 无法加载模块:Vdoado

[ 2016-10-15T22:41:01+08:00 ] ::1 /vdoado/index.php/vdoado/Public/js/jquery.min.js-v=2.1.4.js
INFO: [ app_init ] --START--
INFO: Run Behavior\BuildLiteBehavior [ RunTime:0.000042s ]
INFO: [ app_init ] --END-- [ RunTime:0.001152s ]
ERR: 无法加载模块:Vdoado

[ 2016-10-15T22:41:01+08:00 ] ::1 /vdoado/index.php/vdoado/Public/css/animate.min.css
INFO: [ app_init ] --START--
INFO: Run Behavior\BuildLiteBehavior [ RunTime:0.000051s ]
INFO: [ app_init ] --END-- [ RunTime:0.001841s ]
ERR: 无法加载模块:Vdoado

[ 2016-10-15T22:41:01+08:00 ] ::1 /vdoado/index.php/vdoado/Public/css/font-awesome.min.css-v=4.4.0.css
INFO: [ app_init ] --START--
INFO: Run Behavior\BuildLiteBehavior [ RunTime:0.000061s ]
INFO: [ app_init ] --END-- [ RunTime:0.000767s ]
ERR: 无法加载模块:Vdoado

[ 2016-10-15T22:41:01+08:00 ] ::1 /vdoado/index.php/vdoado/Public/js/plugins/metisMenu/jquery.metisMenu.js
INFO: [ app_init ] --START--
INFO: Run Behavior\BuildLiteBehavior [ RunTime:0.000033s ]
INFO: [ app_init ] --END-- [ RunTime:0.000717s ]
ERR: 无法加载模块:Vdoado

[ 2016-10-15T22:41:01+08:00 ] ::1 /vdoado/index.php/vdoado/Public/js/plugins/slimscroll/jquery.slimscroll.min.js
INFO: [ app_init ] --START--
INFO: Run Behavior\BuildLiteBehavior [ RunTime:0.000112s ]
INFO: [ app_init ] --END-- [ RunTime:0.003006s ]
ERR: 无法加载模块:Vdoado

[ 2016-10-15T22:41:01+08:00 ] ::1 /vdoado/index.php/vdoado/Public/js/bootstrap.min.js-v=3.3.5.js
INFO: [ app_init ] --START--
INFO: Run Behavior\BuildLiteBehavior [ RunTime:0.000018s ]
INFO: [ app_init ] --END-- [ RunTime:0.000971s ]
ERR: 无法加载模块:Vdoado

[ 2016-10-15T22:41:01+08:00 ] ::1 /vdoado/index.php/vdoado/Public/js/contabs.min.js
INFO: [ app_init ] --START--
INFO: Run Behavior\BuildLiteBehavior [ RunTime:0.000022s ]
INFO: [ app_init ] --END-- [ RunTime:0.002135s ]
ERR: 无法加载模块:Vdoado

[ 2016-10-15T22:41:01+08:00 ] ::1 /vdoado/index.php/vdoado/Public/js/hplus.min.js-v=4.0.0.js
INFO: [ app_init ] --START--
INFO: Run Behavior\BuildLiteBehavior [ RunTime:0.000017s ]
INFO: [ app_init ] --END-- [ RunTime:0.002065s ]
ERR: 无法加载模块:Vdoado

[ 2016-10-15T22:41:01+08:00 ] ::1 /vdoado/index.php/vdoado/Public/js/plugins/layer/layer.min.js
INFO: [ app_init ] --START--
INFO: Run Behavior\BuildLiteBehavior [ RunTime:0.000022s ]
INFO: [ app_init ] --END-- [ RunTime:0.003146s ]
ERR: 无法加载模块:Vdoado

[ 2016-10-15T22:41:01+08:00 ] ::1 /vdoado/index.php/vdoado/Public/js/plugins/pace/pace.min.js
INFO: [ app_init ] --START--
INFO: Run Behavior\BuildLiteBehavior [ RunTime:0.000092s ]
INFO: [ app_init ] --END-- [ RunTime:0.032471s ]
ERR: 无法加载模块:Vdoado

[ 2016-10-15T22:41:01+08:00 ] ::1 /vdoado/index.php/img/a7.jpg
INFO: [ app_init ] --START--
INFO: Run Behavior\BuildLiteBehavior [ RunTime:0.000018s ]
INFO: [ app_init ] --END-- [ RunTime:0.000554s ]
ERR: 无法加载模块:Img

[ 2016-10-15T22:41:01+08:00 ] ::1 /vdoado/index.php/img/a4.jpg
INFO: [ app_init ] --START--
INFO: Run Behavior\BuildLiteBehavior [ RunTime:0.000044s ]
INFO: [ app_init ] --END-- [ RunTime:0.003284s ]
ERR: 无法加载模块:Img

[ 2016-10-15T22:41:02+08:00 ] ::1 /vdoado/index.php/vdoado/Public/js/plugins/metisMenu/jquery.metisMenu.js
INFO: [ app_init ] --START--
INFO: Run Behavior\BuildLiteBehavior [ RunTime:0.000021s ]
INFO: [ app_init ] --END-- [ RunTime:0.002070s ]
ERR: 无法加载模块:Vdoado

[ 2016-10-15T22:41:02+08:00 ] ::1 /vdoado/index.php/img/a2.jpg
INFO: [ app_init ] --START--
INFO: Run Behavior\BuildLiteBehavior [ RunTime:0.000022s ]
INFO: [ app_init ] --END-- [ RunTime:0.000666s ]
ERR: 无法加载模块:Img

[ 2016-10-15T22:41:02+08:00 ] ::1 /vdoado/index.php/img/a1.jpg
INFO: [ app_init ] --START--
INFO: Run Behavior\BuildLiteBehavior [ RunTime:0.000949s ]
INFO: [ app_init ] --END-- [ RunTime:0.001730s ]
ERR: 无法加载模块:Img

[ 2016-10-15T22:41:02+08:00 ] ::1 /vdoado/index.php/img/a3.jpg
INFO: [ app_init ] --START--
INFO: Run Behavior\BuildLiteBehavior [ RunTime:0.000039s ]
INFO: [ app_init ] --END-- [ RunTime:0.001487s ]
ERR: 无法加载模块:Img

[ 2016-10-15T22:41:02+08:00 ] ::1 /vdoado/index.php/img/a8.jpg
INFO: [ app_init ] --START--
INFO: Run Behavior\BuildLiteBehavior [ RunTime:0.000022s ]
INFO: [ app_init ] --END-- [ RunTime:0.004109s ]
ERR: 无法加载模块:Img

[ 2016-10-15T22:41:02+08:00 ] ::1 /vdoado/index.php/vdoado/Public/js/plugins/slimscroll/jquery.slimscroll.min.js
INFO: [ app_init ] --START--
INFO: Run Behavior\BuildLiteBehavior [ RunTime:0.000055s ]
INFO: [ app_init ] --END-- [ RunTime:0.001706s ]
ERR: 无法加载模块:Vdoado

[ 2016-10-15T22:41:02+08:00 ] ::1 /vdoado/index.php/vdoado/Public/js/plugins/layer/layer.min.js
INFO: [ app_init ] --START--
INFO: Run Behavior\BuildLiteBehavior [ RunTime:0.000030s ]
INFO: [ app_init ] --END-- [ RunTime:0.001280s ]
ERR: 无法加载模块:Vdoado

[ 2016-10-15T22:41:02+08:00 ] ::1 /vdoado/index.php/vdoado/Public/js/hplus.min.js-v=4.0.0.js
INFO: [ app_init ] --START--
INFO: Run Behavior\BuildLiteBehavior [ RunTime:0.000026s ]
INFO: [ app_init ] --END-- [ RunTime:0.000875s ]
ERR: 无法加载模块:Vdoado

[ 2016-10-15T22:41:02+08:00 ] ::1 /vdoado/index.php/vdoado/Public/js/contabs.min.js
INFO: [ app_init ] --START--
INFO: Run Behavior\BuildLiteBehavior [ RunTime:0.000021s ]
INFO: [ app_init ] --END-- [ RunTime:0.000769s ]
ERR: 无法加载模块:Vdoado

[ 2016-10-15T22:41:02+08:00 ] ::1 /vdoado/index.php/vdoado/Public/js/plugins/pace/pace.min.js
INFO: [ app_init ] --START--
INFO: Run Behavior\BuildLiteBehavior [ RunTime:0.000080s ]
INFO: [ app_init ] --END-- [ RunTime:0.002944s ]
ERR: 无法加载模块:Vdoado

