[ 2016-10-16T10:26:32+08:00 ] ::1 /vdoado/index.php/id=1?v=4.0
INFO: [ app_init ] --START--
INFO: Run Behavior\BuildLiteBehavior [ RunTime:0.000000s ]
INFO: [ app_init ] --END-- [ RunTime:0.000000s ]
ERR: 无法加载模块:Id=1

[ 2016-10-16T10:26:43+08:00 ] ::1 /vdoado/index.php/id=1
INFO: [ app_init ] --START--
INFO: Run Behavior\BuildLiteBehavior [ RunTime:0.000000s ]
INFO: [ app_init ] --END-- [ RunTime:0.000000s ]
ERR: 无法加载模块:Id=1

[ 2016-10-16T10:26:44+08:00 ] ::1 /vdoado/index.php/id=1
INFO: [ app_init ] --START--
INFO: Run Behavior\BuildLiteBehavior [ RunTime:0.000000s ]
INFO: [ app_init ] --END-- [ RunTime:0.002000s ]
ERR: 无法加载模块:Id=1

[ 2016-10-16T20:36:41+08:00 ] ::1 /vdoado/index.php/vdoado/index.php/home/index/getmedia.html
INFO: [ app_init ] --START--
INFO: Run Behavior\BuildLiteBehavior [ RunTime:0.000011s ]
INFO: [ app_init ] --END-- [ RunTime:0.000326s ]
ERR: 无法加载模块:Vdoado

[ 2016-10-16T20:37:29+08:00 ] ::1 /vdoado/index.php/vdoado/index.php/home/index/getmedia.html
INFO: [ app_init ] --START--
INFO: Run Behavior\BuildLiteBehavior [ RunTime:0.000011s ]
INFO: [ app_init ] --END-- [ RunTime:0.000322s ]
ERR: 无法加载模块:Vdoado

