[ 2016-10-15T22:08:53+08:00 ] ::1 /vdoado/vdoado/Admin.php/ADMIN
INFO: [ app_init ] --START--
INFO: Run Behavior\BuildLiteBehavior [ RunTime:0.000016s ]
INFO: [ app_init ] --END-- [ RunTime:0.000598s ]
ERR: 无法加载模块:ADMIN

[ 2016-10-15T22:09:11+08:00 ] ::1 /vdoado/vdoado/Admin.php?s=ADMIN
INFO: [ app_init ] --START--
INFO: Run Behavior\BuildLiteBehavior [ RunTime:0.000018s ]
INFO: [ app_init ] --END-- [ RunTime:0.000693s ]
ERR: 无法加载模块:ADMIN

[ 2016-10-15T22:09:18+08:00 ] ::1 /vdoado/vdoado/Admin.php?s=admin
INFO: [ app_init ] --START--
INFO: Run Behavior\BuildLiteBehavior [ RunTime:0.000019s ]
INFO: [ app_init ] --END-- [ RunTime:0.001672s ]
ERR: 无法加载模块:Admin

[ 2016-10-15T22:09:33+08:00 ] ::1 /vdoado/vdoado/Admin.php?s=Admin
INFO: [ app_init ] --START--
INFO: Run Behavior\BuildLiteBehavior [ RunTime:0.000022s ]
INFO: [ app_init ] --END-- [ RunTime:0.001041s ]
ERR: 无法加载模块:Admin

[ 2016-10-15T22:11:25+08:00 ] ::1 /vdoado/vdoado/Admin.php/Tch
INFO: [ app_init ] --START--
INFO: Run Behavior\BuildLiteBehavior [ RunTime:0.000018s ]
INFO: [ app_init ] --END-- [ RunTime:0.000684s ]
ERR: 无法加载模块:Tch

[ 2016-10-15T22:14:10+08:00 ] ::1 /vdoado/vdoado/Admin.php?s=/Admin
INFO: [ app_init ] --START--
INFO: Run Behavior\BuildLiteBehavior [ RunTime:0.000057s ]
INFO: [ app_init ] --END-- [ RunTime:0.004731s ]
ERR: 无法加载模块:Admin

[ 2016-10-15T22:15:54+08:00 ] ::1 /vdoado/vdoado/Admin.php?s=Admin
INFO: [ app_init ] --START--
INFO: Run Behavior\BuildLiteBehavior [ RunTime:0.000023s ]
INFO: [ app_init ] --END-- [ RunTime:0.000921s ]
ERR: 无法加载模块:Admin

[ 2016-10-15T22:18:12+08:00 ] ::1 /vdoado/vdoado/Admin.php?s=Admin
INFO: [ app_init ] --START--
INFO: Run Behavior\BuildLiteBehavior [ RunTime:0.000141s ]
INFO: [ app_init ] --END-- [ RunTime:0.001753s ]
ERR: 无法加载模块:Admin

[ 2016-10-15T22:18:13+08:00 ] ::1 /vdoado/vdoado/Admin.php?s=Admin
INFO: [ app_init ] --START--
INFO: Run Behavior\BuildLiteBehavior [ RunTime:0.000022s ]
INFO: [ app_init ] --END-- [ RunTime:0.000603s ]
ERR: 无法加载模块:Admin

[ 2016-10-15T22:18:22+08:00 ] ::1 /vdoado/vdoado/Admin.php/Admin
INFO: [ app_init ] --START--
INFO: Run Behavior\BuildLiteBehavior [ RunTime:0.000053s ]
INFO: [ app_init ] --END-- [ RunTime:0.007332s ]
ERR: 无法加载模块:Admin

[ 2016-10-15T22:18:55+08:00 ] ::1 /vdoado/vdoado/Admin.php/Admin
INFO: [ app_init ] --START--
INFO: Run Behavior\BuildLiteBehavior [ RunTime:0.000012s ]
INFO: [ app_init ] --END-- [ RunTime:0.000391s ]
ERR: 无法加载模块:Admin

[ 2016-10-15T22:18:56+08:00 ] ::1 /vdoado/vdoado/Admin.php/Admin
INFO: [ app_init ] --START--
INFO: Run Behavior\BuildLiteBehavior [ RunTime:0.000018s ]
INFO: [ app_init ] --END-- [ RunTime:0.000990s ]
ERR: 无法加载模块:Admin

[ 2016-10-15T22:19:27+08:00 ] ::1 /vdoado/vdoado/Admin.php?m=Admin
INFO: [ app_init ] --START--
INFO: Run Behavior\BuildLiteBehavior [ RunTime:0.000017s ]
INFO: [ app_init ] --END-- [ RunTime:0.000586s ]
ERR: 无法加载模块:Admin

[ 2016-10-15T22:22:32+08:00 ] ::1 /vdoado/vdoado/Admin.php?m=Admin
INFO: [ app_init ] --START--
INFO: Run Behavior\BuildLiteBehavior [ RunTime:0.000032s ]
INFO: [ app_init ] --END-- [ RunTime:0.000704s ]
ERR: 无法加载模块:Admin

